{"C:\\Users\\Aljath\\react\\src\\components\\Body.js": {"path":"C:\\Users\\Aljath\\react\\src\\components\\Body.js","statementMap":{"0":{"start":{"line":14,"column":20},"end":{"line":126,"column":1}},"1":{"start":{"line":15,"column":37},"end":{"line":15,"column":49}},"2":{"start":{"line":16,"column":33},"end":{"line":16,"column":45}},"3":{"start":{"line":17,"column":41},"end":{"line":17,"column":53}},"4":{"start":{"line":19,"column":25},"end":{"line":19,"column":42}},"5":{"start":{"line":21,"column":28},"end":{"line":21,"column":48}},"6":{"start":{"line":24,"column":4},"end":{"line":26,"column":11}},"7":{"start":{"line":25,"column":8},"end":{"line":25,"column":20}},"8":{"start":{"line":30,"column":21},"end":{"line":36,"column":5}},"9":{"start":{"line":31,"column":21},"end":{"line":31,"column":46}},"10":{"start":{"line":32,"column":21},"end":{"line":32,"column":38}},"11":{"start":{"line":33,"column":7},"end":{"line":33,"column":97}},"12":{"start":{"line":34,"column":7},"end":{"line":34,"column":95}},"13":{"start":{"line":35,"column":7},"end":{"line":35,"column":96}},"14":{"start":{"line":52,"column":4},"end":{"line":57,"column":5}},"15":{"start":{"line":53,"column":8},"end":{"line":56,"column":9}},"16":{"start":{"line":62,"column":4},"end":{"line":125,"column":5}},"17":{"start":{"line":69,"column":28},"end":{"line":69,"column":59}},"18":{"start":{"line":70,"column":45},"end":{"line":71,"column":29}},"19":{"start":{"line":70,"column":70},"end":{"line":70,"column":133}},"20":{"start":{"line":74,"column":31},"end":{"line":74,"column":51}},"21":{"start":{"line":81,"column":41},"end":{"line":82,"column":25}},"22":{"start":{"line":81,"column":66},"end":{"line":81,"column":129}},"23":{"start":{"line":85,"column":27},"end":{"line":85,"column":47}},"24":{"start":{"line":90,"column":39},"end":{"line":90,"column":85}},"25":{"start":{"line":90,"column":63},"end":{"line":90,"column":84}},"26":{"start":{"line":91,"column":20},"end":{"line":91,"column":43}},"27":{"start":{"line":106,"column":52},"end":{"line":115,"column":39}}},"fnMap":{"0":{"name":"(anonymous_0)","decl":{"start":{"line":14,"column":20},"end":{"line":14,"column":21}},"loc":{"start":{"line":14,"column":26},"end":{"line":126,"column":1}},"line":14},"1":{"name":"(anonymous_1)","decl":{"start":{"line":24,"column":14},"end":{"line":24,"column":15}},"loc":{"start":{"line":24,"column":19},"end":{"line":26,"column":5}},"line":24},"2":{"name":"(anonymous_2)","decl":{"start":{"line":30,"column":21},"end":{"line":30,"column":22}},"loc":{"start":{"line":30,"column":32},"end":{"line":36,"column":5}},"line":30},"3":{"name":"(anonymous_3)","decl":{"start":{"line":68,"column":24},"end":{"line":68,"column":25}},"loc":{"start":{"line":68,"column":30},"end":{"line":75,"column":25}},"line":68},"4":{"name":"(anonymous_4)","decl":{"start":{"line":70,"column":62},"end":{"line":70,"column":63}},"loc":{"start":{"line":70,"column":70},"end":{"line":70,"column":133}},"line":70},"5":{"name":"(anonymous_5)","decl":{"start":{"line":79,"column":37},"end":{"line":79,"column":38}},"loc":{"start":{"line":79,"column":43},"end":{"line":87,"column":21}},"line":79},"6":{"name":"(anonymous_6)","decl":{"start":{"line":81,"column":58},"end":{"line":81,"column":59}},"loc":{"start":{"line":81,"column":66},"end":{"line":81,"column":129}},"line":81},"7":{"name":"(anonymous_7)","decl":{"start":{"line":89,"column":102},"end":{"line":89,"column":103}},"loc":{"start":{"line":89,"column":108},"end":{"line":92,"column":17}},"line":89},"8":{"name":"(anonymous_8)","decl":{"start":{"line":90,"column":54},"end":{"line":90,"column":55}},"loc":{"start":{"line":90,"column":63},"end":{"line":90,"column":84}},"line":90},"9":{"name":"(anonymous_9)","decl":{"start":{"line":106,"column":40},"end":{"line":106,"column":41}},"loc":{"start":{"line":106,"column":52},"end":{"line":115,"column":39}},"line":106}},"branchMap":{"0":{"loc":{"start":{"line":52,"column":4},"end":{"line":57,"column":5}},"type":"if","locations":[{"start":{"line":52,"column":4},"end":{"line":57,"column":5}},{"start":{},"end":{}}],"line":52},"1":{"loc":{"start":{"line":62,"column":11},"end":{"line":125,"column":5}},"type":"cond-expr","locations":[{"start":{"line":62,"column":36},"end":{"line":62,"column":47}},{"start":{"line":64,"column":8},"end":{"line":124,"column":14}}],"line":62},"2":{"loc":{"start":{"line":109,"column":32},"end":{"line":110,"column":60}},"type":"cond-expr","locations":[{"start":{"line":109,"column":71},"end":{"line":109,"column":106}},{"start":{"line":110,"column":33},"end":{"line":110,"column":60}}],"line":109}},"s":{"0":1,"1":3,"2":3,"3":3,"4":3,"5":3,"6":3,"7":1,"8":3,"9":1,"10":1,"11":1,"12":1,"13":1,"14":3,"15":0,"16":3,"17":1,"18":1,"19":9,"20":1,"21":0,"22":0,"23":0,"24":0,"25":0,"26":0,"27":18},"f":{"0":3,"1":1,"2":1,"3":1,"4":9,"5":0,"6":0,"7":0,"8":0,"9":18},"b":{"0":[0,3],"1":[1,2],"2":[8,10]},"_coverageSchema":"1a1c01bbd47fc00a2c39e90264f33305004495a9","hash":"55103b3d8bbedcb71262083cd7451e7b5d398ad2"}
,"C:\\Users\\Aljath\\react\\src\\components\\Contact.js": {"path":"C:\\Users\\Aljath\\react\\src\\components\\Contact.js","statementMap":{"0":{"start":{"line":3,"column":16},"end":{"line":11,"column":1}},"1":{"start":{"line":4,"column":4},"end":{"line":10,"column":6}}},"fnMap":{"0":{"name":"(anonymous_0)","decl":{"start":{"line":3,"column":16},"end":{"line":3,"column":17}},"loc":{"start":{"line":3,"column":22},"end":{"line":11,"column":1}},"line":3}},"branchMap":{},"s":{"0":1,"1":1},"f":{"0":1},"b":{},"_coverageSchema":"1a1c01bbd47fc00a2c39e90264f33305004495a9","hash":"c6dcbbff5722e8ab8119d0da6b0a90564e4a3484"}
,"C:\\Users\\Aljath\\react\\src\\components\\Header.js": {"path":"C:\\Users\\Aljath\\react\\src\\components\\Header.js","statementMap":{"0":{"start":{"line":12,"column":21},"end":{"line":52,"column":1}},"1":{"start":{"line":13,"column":27},"end":{"line":13,"column":44}},"2":{"start":{"line":14,"column":4},"end":{"line":14,"column":21}},"3":{"start":{"line":15,"column":25},"end":{"line":15,"column":42}},"4":{"start":{"line":18,"column":18},"end":{"line":18,"column":58}},"5":{"start":{"line":18,"column":41},"end":{"line":18,"column":57}},"6":{"start":{"line":19,"column":4},"end":{"line":19,"column":23}},"7":{"start":{"line":24,"column":4},"end":{"line":51,"column":6}},"8":{"start":{"line":45,"column":24},"end":{"line":45,"column":78}}},"fnMap":{"0":{"name":"(anonymous_0)","decl":{"start":{"line":12,"column":21},"end":{"line":12,"column":22}},"loc":{"start":{"line":12,"column":27},"end":{"line":52,"column":1}},"line":12},"1":{"name":"(anonymous_1)","decl":{"start":{"line":18,"column":30},"end":{"line":18,"column":31}},"loc":{"start":{"line":18,"column":41},"end":{"line":18,"column":57}},"line":18},"2":{"name":"(anonymous_2)","decl":{"start":{"line":44,"column":245},"end":{"line":44,"column":246}},"loc":{"start":{"line":44,"column":251},"end":{"line":46,"column":21}},"line":44}},"branchMap":{"0":{"loc":{"start":{"line":32,"column":79},"end":{"line":32,"column":105}},"type":"cond-expr","locations":[{"start":{"line":32,"column":94},"end":{"line":32,"column":98}},{"start":{"line":32,"column":101},"end":{"line":32,"column":105}}],"line":32},"1":{"loc":{"start":{"line":44,"column":40},"end":{"line":44,"column":233}},"type":"cond-expr","locations":[{"start":{"line":44,"column":58},"end":{"line":44,"column":146}},{"start":{"line":44,"column":149},"end":{"line":44,"column":233}}],"line":44},"2":{"loc":{"start":{"line":45,"column":24},"end":{"line":45,"column":77}},"type":"cond-expr","locations":[{"start":{"line":45,"column":42},"end":{"line":45,"column":59}},{"start":{"line":45,"column":61},"end":{"line":45,"column":77}}],"line":45}},"s":{"0":1,"1":3,"2":3,"3":3,"4":3,"5":5,"6":3,"7":3,"8":1},"f":{"0":3,"1":5,"2":1},"b":{"0":[3,0],"1":[2,1],"2":[1,0]},"_coverageSchema":"1a1c01bbd47fc00a2c39e90264f33305004495a9","hash":"329bf01231b5848e39c36b66d23b2708ec2a3900"}
,"C:\\Users\\Aljath\\react\\src\\components\\Rescard.js": {"path":"C:\\Users\\Aljath\\react\\src\\components\\Rescard.js","statementMap":{"0":{"start":{"line":3,"column":23},"end":{"line":20,"column":1}},"1":{"start":{"line":5,"column":84},"end":{"line":5,"column":97}},"2":{"start":{"line":6,"column":4},"end":{"line":6,"column":29}},"3":{"start":{"line":9,"column":4},"end":{"line":19,"column":6}},"4":{"start":{"line":23,"column":27},"end":{"line":32,"column":1}},"5":{"start":{"line":24,"column":4},"end":{"line":31,"column":5}},"6":{"start":{"line":25,"column":8},"end":{"line":30,"column":9}}},"fnMap":{"0":{"name":"(anonymous_0)","decl":{"start":{"line":3,"column":23},"end":{"line":3,"column":24}},"loc":{"start":{"line":3,"column":38},"end":{"line":20,"column":1}},"line":3},"1":{"name":"(anonymous_1)","decl":{"start":{"line":23,"column":27},"end":{"line":23,"column":28}},"loc":{"start":{"line":23,"column":40},"end":{"line":32,"column":1}},"line":23},"2":{"name":"(anonymous_2)","decl":{"start":{"line":24,"column":11},"end":{"line":24,"column":12}},"loc":{"start":{"line":24,"column":22},"end":{"line":31,"column":5}},"line":24}},"branchMap":{},"s":{"0":2,"1":20,"2":20,"3":20,"4":2,"5":4,"6":9},"f":{"0":20,"1":4,"2":9},"b":{},"_coverageSchema":"1a1c01bbd47fc00a2c39e90264f33305004495a9","hash":"938fc2d48d24923e5eca045e98d1f337f0b8ec72"}
,"C:\\Users\\Aljath\\react\\src\\components\\Shimmer.js": {"path":"C:\\Users\\Aljath\\react\\src\\components\\Shimmer.js","statementMap":{"0":{"start":{"line":1,"column":17},"end":{"line":16,"column":1}},"1":{"start":{"line":2,"column":4},"end":{"line":15,"column":5}}},"fnMap":{"0":{"name":"(anonymous_0)","decl":{"start":{"line":1,"column":17},"end":{"line":1,"column":18}},"loc":{"start":{"line":1,"column":23},"end":{"line":16,"column":1}},"line":1}},"branchMap":{},"s":{"0":1,"1":1},"f":{"0":1},"b":{},"_coverageSchema":"1a1c01bbd47fc00a2c39e90264f33305004495a9","hash":"9001d08172839588ce8999d73778179fc56e4550"}
,"C:\\Users\\Aljath\\react\\src\\components\\sum.js": {"path":"C:\\Users\\Aljath\\react\\src\\components\\sum.js","statementMap":{"0":{"start":{"line":1,"column":19},"end":{"line":3,"column":1}},"1":{"start":{"line":2,"column":4},"end":{"line":2,"column":17}}},"fnMap":{"0":{"name":"(anonymous_0)","decl":{"start":{"line":1,"column":19},"end":{"line":1,"column":20}},"loc":{"start":{"line":1,"column":28},"end":{"line":3,"column":1}},"line":1}},"branchMap":{},"s":{"0":1,"1":2},"f":{"0":2},"b":{},"_coverageSchema":"1a1c01bbd47fc00a2c39e90264f33305004495a9","hash":"7950f91e22569650310872d99f7e69fdbea61aaf"}
,"C:\\Users\\Aljath\\react\\src\\utils\\appstore.js": {"path":"C:\\Users\\Aljath\\react\\src\\utils\\appstore.js","statementMap":{"0":{"start":{"line":7,"column":17},"end":{"line":11,"column":2}}},"fnMap":{},"branchMap":{},"s":{"0":1},"f":{},"b":{},"_coverageSchema":"1a1c01bbd47fc00a2c39e90264f33305004495a9","hash":"2f7c3c6c1b67196676f5290d83eff9a856608741"}
,"C:\\Users\\Aljath\\react\\src\\utils\\cartslices.js": {"path":"C:\\Users\\Aljath\\react\\src\\utils\\cartslices.js","statementMap":{"0":{"start":{"line":3,"column":23},"end":{"line":20,"column":6}},"1":{"start":{"line":10,"column":12},"end":{"line":10,"column":45}},"2":{"start":{"line":13,"column":41},"end":{"line":13,"column":55}},"3":{"start":{"line":14,"column":16},"end":{"line":14,"column":89}},"4":{"start":{"line":14,"column":57},"end":{"line":14,"column":87}},"5":{"start":{"line":17,"column":16},"end":{"line":17,"column":39}},"6":{"start":{"line":22,"column":51},"end":{"line":22,"column":69}}},"fnMap":{"0":{"name":"(anonymous_0)","decl":{"start":{"line":9,"column":22},"end":{"line":9,"column":23}},"loc":{"start":{"line":9,"column":42},"end":{"line":11,"column":13}},"line":9},"1":{"name":"(anonymous_1)","decl":{"start":{"line":12,"column":25},"end":{"line":12,"column":26}},"loc":{"start":{"line":12,"column":44},"end":{"line":15,"column":13}},"line":12},"2":{"name":"(anonymous_2)","decl":{"start":{"line":14,"column":49},"end":{"line":14,"column":50}},"loc":{"start":{"line":14,"column":57},"end":{"line":14,"column":87}},"line":14},"3":{"name":"(anonymous_3)","decl":{"start":{"line":16,"column":24},"end":{"line":16,"column":25}},"loc":{"start":{"line":16,"column":35},"end":{"line":18,"column":13}},"line":16}},"branchMap":{},"s":{"0":1,"1":0,"2":0,"3":0,"4":0,"5":0,"6":1},"f":{"0":0,"1":0,"2":0,"3":0},"b":{},"_coverageSchema":"1a1c01bbd47fc00a2c39e90264f33305004495a9","hash":"6940b7b15eaef7ea12a193c2be5c898455e7869e"}
,"C:\\Users\\Aljath\\react\\src\\utils\\constans.js": {"path":"C:\\Users\\Aljath\\react\\src\\utils\\constans.js","statementMap":{"0":{"start":{"line":1,"column":23},"end":{"line":1,"column":118}},"1":{"start":{"line":4,"column":24},"end":{"line":4,"column":96}},"2":{"start":{"line":6,"column":24},"end":{"line":6,"column":119}},"3":{"start":{"line":8,"column":24},"end":{"line":8,"column":143}},"4":{"start":{"line":10,"column":28},"end":{"line":10,"column":162}}},"fnMap":{},"branchMap":{},"s":{"0":3,"1":3,"2":3,"3":3,"4":3},"f":{},"b":{},"_coverageSchema":"1a1c01bbd47fc00a2c39e90264f33305004495a9","hash":"eff201d673f672b17f9375feddb763f12db768b3"}
,"C:\\Users\\Aljath\\react\\src\\utils\\useOnlinestatus.js": {"path":"C:\\Users\\Aljath\\react\\src\\utils\\useOnlinestatus.js","statementMap":{"0":{"start":{"line":3,"column":24},"end":{"line":21,"column":1}},"1":{"start":{"line":6,"column":43},"end":{"line":6,"column":57}},"2":{"start":{"line":9,"column":4},"end":{"line":12,"column":6}},"3":{"start":{"line":11,"column":8},"end":{"line":11,"column":30}},"4":{"start":{"line":14,"column":4},"end":{"line":17,"column":6}},"5":{"start":{"line":16,"column":8},"end":{"line":16,"column":31}},"6":{"start":{"line":20,"column":4},"end":{"line":20,"column":23}}},"fnMap":{"0":{"name":"(anonymous_0)","decl":{"start":{"line":3,"column":24},"end":{"line":3,"column":25}},"loc":{"start":{"line":3,"column":30},"end":{"line":21,"column":1}},"line":3},"1":{"name":"(anonymous_1)","decl":{"start":{"line":9,"column":38},"end":{"line":9,"column":39}},"loc":{"start":{"line":9,"column":44},"end":{"line":12,"column":5}},"line":9},"2":{"name":"(anonymous_2)","decl":{"start":{"line":14,"column":39},"end":{"line":14,"column":40}},"loc":{"start":{"line":14,"column":45},"end":{"line":17,"column":5}},"line":14}},"branchMap":{},"s":{"0":2,"1":6,"2":6,"3":0,"4":6,"5":0,"6":6},"f":{"0":6,"1":0,"2":0},"b":{},"_coverageSchema":"1a1c01bbd47fc00a2c39e90264f33305004495a9","hash":"776d123c5af45f1b29646fdd69bd97e95199ba60"}
}
