TN:
SF:src\components\Body.js
FN:14,(anonymous_0)
FN:24,(anonymous_1)
FN:30,(anonymous_2)
FN:68,(anonymous_3)
FN:70,(anonymous_4)
FN:79,(anonymous_5)
FN:81,(anonymous_6)
FN:89,(anonymous_7)
FN:90,(anonymous_8)
FN:106,(anonymous_9)
FNF:10
FNH:6
FNDA:3,(anonymous_0)
FNDA:1,(anonymous_1)
FNDA:1,(anonymous_2)
FNDA:1,(anonymous_3)
FNDA:9,(anonymous_4)
FNDA:0,(anonymous_5)
FNDA:0,(anonymous_6)
FNDA:0,(anonymous_7)
FNDA:0,(anonymous_8)
FNDA:18,(anonymous_9)
DA:14,1
DA:15,3
DA:16,3
DA:17,3
DA:19,3
DA:21,3
DA:24,3
DA:25,1
DA:30,3
DA:31,1
DA:32,1
DA:33,1
DA:34,1
DA:35,1
DA:52,3
DA:53,0
DA:62,3
DA:69,1
DA:70,9
DA:74,1
DA:81,0
DA:85,0
DA:90,0
DA:91,0
DA:106,18
LF:25
LH:20
BRDA:52,0,0,0
BRDA:52,0,1,3
BRDA:62,1,0,1
BRDA:62,1,1,2
BRDA:109,2,0,8
BRDA:109,2,1,10
BRF:6
BRH:5
end_of_record
TN:
SF:src\components\Contact.js
FN:3,(anonymous_0)
FNF:1
FNH:1
FNDA:1,(anonymous_0)
DA:3,1
DA:4,1
LF:2
LH:2
BRF:0
BRH:0
end_of_record
TN:
SF:src\components\Header.js
FN:12,(anonymous_0)
FN:18,(anonymous_1)
FN:44,(anonymous_2)
FNF:3
FNH:3
FNDA:3,(anonymous_0)
FNDA:5,(anonymous_1)
FNDA:1,(anonymous_2)
DA:12,1
DA:13,3
DA:14,3
DA:15,3
DA:18,5
DA:19,3
DA:24,3
DA:45,1
LF:8
LH:8
BRDA:32,0,0,3
BRDA:32,0,1,0
BRDA:44,1,0,2
BRDA:44,1,1,1
BRDA:45,2,0,1
BRDA:45,2,1,0
BRF:6
BRH:4
end_of_record
TN:
SF:src\components\Rescard.js
FN:3,(anonymous_0)
FN:23,(anonymous_1)
FN:24,(anonymous_2)
FNF:3
FNH:3
FNDA:20,(anonymous_0)
FNDA:4,(anonymous_1)
FNDA:9,(anonymous_2)
DA:3,2
DA:5,20
DA:6,20
DA:9,20
DA:23,2
DA:24,4
DA:25,9
LF:7
LH:7
BRF:0
BRH:0
end_of_record
TN:
SF:src\components\Shimmer.js
FN:1,(anonymous_0)
FNF:1
FNH:1
FNDA:1,(anonymous_0)
DA:1,1
DA:2,1
LF:2
LH:2
BRF:0
BRH:0
end_of_record
TN:
SF:src\components\sum.js
FN:1,(anonymous_0)
FNF:1
FNH:1
FNDA:2,(anonymous_0)
DA:1,1
DA:2,2
LF:2
LH:2
BRF:0
BRH:0
end_of_record
TN:
SF:src\utils\appstore.js
FNF:0
FNH:0
DA:7,1
LF:1
LH:1
BRF:0
BRH:0
end_of_record
TN:
SF:src\utils\cartslices.js
FN:9,(anonymous_0)
FN:12,(anonymous_1)
FN:14,(anonymous_2)
FN:16,(anonymous_3)
FNF:4
FNH:0
FNDA:0,(anonymous_0)
FNDA:0,(anonymous_1)
FNDA:0,(anonymous_2)
FNDA:0,(anonymous_3)
DA:3,1
DA:10,0
DA:13,0
DA:14,0
DA:17,0
DA:22,1
LF:6
LH:2
BRF:0
BRH:0
end_of_record
TN:
SF:src\utils\constans.js
FNF:0
FNH:0
DA:1,3
DA:4,3
DA:6,3
DA:8,3
DA:10,3
LF:5
LH:5
BRF:0
BRH:0
end_of_record
TN:
SF:src\utils\useOnlinestatus.js
FN:3,(anonymous_0)
FN:9,(anonymous_1)
FN:14,(anonymous_2)
FNF:3
FNH:1
FNDA:6,(anonymous_0)
FNDA:0,(anonymous_1)
FNDA:0,(anonymous_2)
DA:3,2
DA:6,6
DA:9,6
DA:11,0
DA:14,6
DA:16,0
DA:20,6
LF:7
LH:5
BRF:0
BRH:0
end_of_record
